# JRE version: OpenJDK Runtime Environment (11.0.7+10) (build 11.0.7+10-post-Ubuntu-2ubuntu218.04)
# Java VM: OpenJDK 64-Bit Server VM (11.0.7+10-post-Ubuntu-2ubuntu218.04, mixed mode, sharing, tiered, compressed oops, g1 gc, linux-amd64)
Heap:
 garbage-first heap   total 547840K, used 455334K [0x0000000080000000, 0x0000000100000000)
  region size 1024K, 187 young (191488K), 17 survivors (17408K)
 Metaspace       used 126361K, capacity 138188K, committed 138372K, reserved 1169408K
  class space    used 14684K, capacity 18318K, committed 18412K, reserved 1048576K
GC Heap History (20 events):
Event: 124.687 GC heap after
{Heap after GC invocations=31 (full 0):
 garbage-first heap   total 317440K, used 156609K [0x0000000080000000, 0x0000000100000000)
  region size 1024K, 2 young (2048K), 2 survivors (2048K)
 Metaspace       used 117841K, capacity 128719K, committed 128900K, reserved 1161216K
  class space    used 13826K, capacity 17315K, committed 17388K, reserved 1048576K
}
Event: 125.604 GC heap before
{Heap before GC invocations=31 (full 0):
 garbage-first heap   total 317440K, used 251841K [0x0000000080000000, 0x0000000100000000)
  region size 1024K, 96 young (98304K), 2 survivors (2048K)
 Metaspace       used 119748K, capacity 131031K, committed 131204K, reserved 1163264K
  class space    used 14049K, capacity 17591K, committed 17644K, reserved 1048576K
}
Event: 125.669 GC heap after
{Heap after GC invocations=32 (full 0):
 garbage-first heap   total 317440K, used 164791K [0x0000000080000000, 0x0000000100000000)
  region size 1024K, 11 young (11264K), 11 survivors (11264K)
 Metaspace       used 119748K, capacity 131031K, committed 131204K, reserved 1163264K
  class space    used 14049K, capacity 17591K, committed 17644K, reserved 1048576K
}
Event: 126.597 GC heap before
{Heap before GC invocations=33 (full 0):
 garbage-first heap   total 317440K, used 254903K [0x0000000080000000, 0x0000000100000000)
  region size 1024K, 100 young (102400K), 11 survivors (11264K)
 Metaspace       used 121460K, capacity 132577K, committed 132868K, reserved 1165312K
  class space    used 14219K, capacity 17697K, committed 17772K, reserved 1048576K
}
Event: 126.628 GC heap after
{Heap after GC invocations=34 (full 0):
 garbage-first heap   total 317440K, used 172783K [0x0000000080000000, 0x0000000100000000)
  region size 1024K, 9 young (9216K), 9 survivors (9216K)
 Metaspace       used 121460K, capacity 132577K, committed 132868K, reserved 1165312K
  class space    used 14219K, capacity 17697K, committed 17772K, reserved 1048576K
}
Event: 126.673 GC heap before
{Heap before GC invocations=34 (full 0):
 garbage-first heap   total 317440K, used 178927K [0x0000000080000000, 0x0000000100000000)
  region size 1024K, 15 young (15360K), 9 survivors (9216K)
 Metaspace       used 121543K, capacity 132684K, committed 132868K, reserved 1165312K
  class space    used 14231K, capacity 17710K, committed 17772K, reserved 1048576K
}
Event: 126.725 GC heap after
{Heap after GC invocations=35 (full 0):
 garbage-first heap   total 317440K, used 168433K [0x0000000080000000, 0x0000000100000000)
  region size 1024K, 2 young (2048K), 2 survivors (2048K)
 Metaspace       used 121543K, capacity 132684K, committed 132868K, reserved 1165312K
  class space    used 14231K, capacity 17710K, committed 17772K, reserved 1048576K
}
Event: 128.074 GC heap before
{Heap before GC invocations=35 (full 0):
 garbage-first heap   total 317440K, used 256497K [0x0000000080000000, 0x0000000100000000)
  region size 1024K, 89 young (91136K), 2 survivors (2048K)
 Metaspace       used 123181K, capacity 134851K, committed 135300K, reserved 1167360K
  class space    used 14411K, capacity 18027K, committed 18156K, reserved 1048576K
}
Event: 128.127 GC heap after
{Heap after GC invocations=36 (full 0):
 garbage-first heap   total 451584K, used 176816K [0x0000000080000000, 0x0000000100000000)
  region size 1024K, 10 young (10240K), 10 survivors (10240K)
 Metaspace       used 123181K, capacity 134851K, committed 135300K, reserved 1167360K
  class space    used 14411K, capacity 18027K, committed 18156K, reserved 1048576K
}
Event: 129.757 GC heap before
{Heap before GC invocations=36 (full 0):
 garbage-first heap   total 451584K, used 327344K [0x0000000080000000, 0x0000000100000000)
  region size 1024K, 153 young (156672K), 10 survivors (10240K)
 Metaspace       used 123716K, capacity 135352K, committed 135556K, reserved 1167360K
  class space    used 14457K, capacity 18066K, committed 18156K, reserved 1048576K
}
Event: 129.792 GC heap after
{Heap after GC invocations=37 (full 0):
 garbage-first heap   total 451584K, used 196144K [0x0000000080000000, 0x0000000100000000)
  region size 1024K, 20 young (20480K), 20 survivors (20480K)
 Metaspace       used 123716K, capacity 135352K, committed 135556K, reserved 1167360K
  class space    used 14457K, capacity 18066K, committed 18156K, reserved 1048576K
}
Event: 131.880 GC heap before
{Heap before GC invocations=37 (full 0):
 garbage-first heap   total 451584K, used 339504K [0x0000000080000000, 0x0000000100000000)
  region size 1024K, 161 young (164864K), 20 survivors (20480K)
 Metaspace       used 124018K, capacity 135551K, committed 135812K, reserved 1167360K
  class space    used 14470K, capacity 18068K, committed 18156K, reserved 1048576K
}
Event: 131.935 GC heap after
{Heap after GC invocations=38 (full 0):
 garbage-first heap   total 451584K, used 211857K [0x0000000080000000, 0x0000000100000000)
  region size 1024K, 15 young (15360K), 15 survivors (15360K)
 Metaspace       used 124018K, capacity 135551K, committed 135812K, reserved 1167360K
  class space    used 14470K, capacity 18068K, committed 18156K, reserved 1048576K
}
Event: 133.240 GC heap before
{Heap before GC invocations=38 (full 0):
 garbage-first heap   total 451584K, used 349073K [0x0000000080000000, 0x0000000100000000)
  region size 1024K, 149 young (152576K), 15 survivors (15360K)
 Metaspace       used 124216K, capacity 135818K, committed 136068K, reserved 1167360K
  class space    used 14472K, capacity 18071K, committed 18156K, reserved 1048576K
}
Event: 133.283 GC heap after
{Heap after GC invocations=39 (full 0):
 garbage-first heap   total 451584K, used 228764K [0x0000000080000000, 0x0000000100000000)
  region size 1024K, 17 young (17408K), 17 survivors (17408K)
 Metaspace       used 124216K, capacity 135818K, committed 136068K, reserved 1167360K
  class space    used 14472K, capacity 18071K, committed 18156K, reserved 1048576K
}
Event: 134.299 GC heap before
{Heap before GC invocations=39 (full 0):
 garbage-first heap   total 451584K, used 357788K [0x0000000080000000, 0x0000000100000000)
  region size 1024K, 142 young (145408K), 17 survivors (17408K)
 Metaspace       used 124345K, capacity 135893K, committed 136068K, reserved 1167360K
  class space    used 14473K, capacity 18074K, committed 18156K, reserved 1048576K
}
Event: 134.387 GC heap after
{Heap after GC invocations=40 (full 0):
 garbage-first heap   total 547840K, used 243111K [0x0000000080000000, 0x0000000100000000)
  region size 1024K, 14 young (14336K), 14 survivors (14336K)
 Metaspace       used 124345K, capacity 135893K, committed 136068K, reserved 1167360K
  class space    used 14473K, capacity 18074K, committed 18156K, reserved 1048576K
}
Event: 136.449 GC heap before
{Heap before GC invocations=40 (full 0):
 garbage-first heap   total 547840K, used 408999K [0x0000000080000000, 0x0000000100000000)
  region size 1024K, 177 young (181248K), 14 survivors (14336K)
 Metaspace       used 124516K, capacity 136091K, committed 136324K, reserved 1167360K
  class space    used 14475K, capacity 18076K, committed 18156K, reserved 1048576K
}
Event: 136.507 GC heap after
{Heap after GC invocations=41 (full 0):
 garbage-first heap   total 547840K, used 257702K [0x0000000080000000, 0x0000000100000000)
  region size 1024K, 14 young (14336K), 14 survivors (14336K)
 Metaspace       used 124516K, capacity 136091K, committed 136324K, reserved 1167360K
  class space    used 14475K, capacity 18076K, committed 18156K, reserved 1048576K
}
Event: 150.472 GC heap before
{Heap before GC invocations=41 (full 0):
 garbage-first heap   total 547840K, used 454310K [0x0000000080000000, 0x0000000100000000)
  region size 1024K, 184 young (188416K), 14 survivors (14336K)
 Metaspace       used 126361K, capacity 138188K, committed 138372K, reserved 1169408K
  class space    used 14684K, capacity 18318K, committed 18412K, reserved 1048576K
}

